<?xml version="1.0" encoding="UTF-8"?>
<!-- Generated by org.testng.reporters.JUnitXMLReporter -->
<testsuite ignored="0" hostname="Amrendra" failures="1" tests="1" name="Test2" time="11.303" errors="0" timestamp="2024-05-02T16:49:43 IST">
  <testcase classname="testCases.TC_02_CreateGroup" name="CreateGrp" time="0.008">
    <failure type="java.lang.IllegalArgumentException" message="Driver must be set">
      <![CDATA[java.lang.IllegalArgumentException: Driver must be set
at org.openqa.selenium.internal.Require.nonNull(Require.java:60)
at org.openqa.selenium.interactions.Actions.<init>(Actions.java:59)
at pageObjects.CreateGroup.contextclickonsite(CreateGroup.java:39)
at testCases.TC_02_CreateGroup.CreateGrp(TC_02_CreateGroup.java:19)
at java.base/java.util.ArrayList.forEach(ArrayList.java:1511)
... Removed 27 stack frames]]>
    </failure>
  </testcase> <!-- CreateGrp -->
</testsuite> <!-- Test2 -->
