<?xml version="1.0" encoding="UTF-8"?>
<testng-results ignored="0" total="1" passed="1" failed="0" skipped="0">
  <reporter-output>
  </reporter-output>
  <suite started-at="2024-05-06T14:13:39 IST" name="Default suite" finished-at="2024-05-06T14:14:24 IST" duration-ms="45633">
    <groups>
    </groups>
    <test started-at="2024-05-06T14:13:39 IST" name="Default test" finished-at="2024-05-06T14:14:24 IST" duration-ms="45633">
      <class name="testCases.TC_01_LoginTestCase">
        <test-method is-config="true" signature="browserSetup()[pri:0, instance:testCases.TC_01_LoginTestCase@1c5920df]" started-at="2024-05-06T14:13:39 IST" name="browserSetup" finished-at="2024-05-06T14:13:42 IST" duration-ms="3286" status="PASS">
          <reporter-output>
          </reporter-output>
        </test-method> <!-- browserSetup -->
        <test-method signature="LoginTest()[pri:0, instance:testCases.TC_01_LoginTestCase@1c5920df]" started-at="2024-05-06T14:13:42 IST" name="LoginTest" finished-at="2024-05-06T14:13:53 IST" duration-ms="10960" status="PASS">
          <reporter-output>
          </reporter-output>
        </test-method> <!-- LoginTest -->
        <test-method is-config="true" signature="closeapp()[pri:0, instance:testCases.TC_01_LoginTestCase@1c5920df]" started-at="2024-05-06T14:13:53 IST" name="closeapp" finished-at="2024-05-06T14:14:24 IST" duration-ms="31325" status="PASS">
          <reporter-output>
          </reporter-output>
        </test-method> <!-- closeapp -->
      </class> <!-- testCases.TC_01_LoginTestCase -->
    </test> <!-- Default test -->
  </suite> <!-- Default suite -->
</testng-results>
